【阿含經】
    《長阿含經》 (22卷) 【後秦 佛陀耶舍共竺佛念譯】
    《中阿含經》 (60卷) 【東晉 瞿曇僧伽提婆譯】
    《雜阿含經》 (50卷) 【劉宋 求那跋陀羅譯】
    《別譯雜阿含經》 (16卷) 【失譯】
    《增壹阿含經》 (51卷) 【東晉 瞿曇僧伽提婆譯】
【般若經】
    《大般若波羅蜜多經(第1卷-第200卷)》 (200卷) 【唐 玄奘譯】
    《大般若波羅蜜多經(第201卷-第400卷)》 (200卷) 【唐 玄奘譯】
    《大般若波羅蜜多經(第401卷-第600卷)》 (200卷) 【唐 玄奘譯】
    《金剛經》《金剛般若波羅蜜經》 (1卷) 【後秦 鳩摩羅什譯】
    《心經》《般若波羅蜜多心經》 (1卷) 【唐 玄奘譯】
【法華經】
    〈觀世音普門品  (妙法蓮華經第七卷)〉
    《法華經》《妙法蓮華經》 (7卷) 【姚秦 鳩摩羅什譯】
    《正法華經》 (10卷) 【西晉 竺法護譯】
    《添品妙法蓮華經》 (7卷) 【隋 闍那崛多共笈多譯】
    《薩曇分陀利經》 (1卷) 【失譯】
    《無量義經》 (1卷) 【蕭齊 曇摩伽陀耶舍譯】
    《佛說觀普賢菩薩行法經》 (1卷) 【劉宋 曇無蜜多譯】
【華嚴經】
    《大方廣佛華嚴經》 (60卷) 【東晉 佛馱跋陀羅譯】
    《大方廣佛華嚴經》 (80卷) 【唐 實叉難陀譯】
    《大方廣佛華嚴經》 (40卷) 【唐 般若譯】
【寶積經】
    《大寶積經》 (120卷) 【唐 菩提流志譯】
【涅槃經】

    《大般涅槃經》 (40卷) 【北涼 曇無讖譯】
    《大般涅槃經》 (36卷) 【宋 慧嚴等依泥洹經加之】
【大集經】

    《大方等大集經》 (60卷) 【北涼 曇無讖譯】
    【般舟三昧經】

    《般舟三昧經》 (1卷) 【後漢 支婁迦讖譯】
    《般舟三昧經》 (3卷) 【後漢 支婁迦讖譯】
【淨土經】
    《佛說無量壽經》 (2卷) 【曹魏 康僧鎧譯】
    《佛說觀無量壽佛經》 (1卷) 【宋 疆良耶舍譯】
    《佛說阿彌陀經》 (1卷) 【姚秦 鳩摩羅什譯】
    《阿彌陀經》《稱讚淨土佛攝受經》 (1卷) 【唐 玄奘譯】
【地藏三經】

    《大乘大集地藏十輪經》 (10卷) 【唐 玄奘譯】
    《地藏菩薩本願經》 (2卷) 【唐 實叉難陀譯】
    《占察善惡業報經》 (2卷) 【隋 菩提燈譯】
【藥師經】

    《佛說藥師如來本願經》 (1卷) 【隋 達摩笈多譯】
    《藥師琉璃光如來本願功德經》 (1卷) 【唐 玄奘譯】
    《藥師琉璃光七佛本願功德經》 (2卷) 【唐 義淨譯】
【彌勒經】

    《佛說觀彌勒菩薩上生兜率天經》 (1卷) 【宋 沮渠京聲譯】
    《佛說彌勒下生經》 (1卷) 【西晉 竺法護譯】
    《佛說彌勒下生成佛經》 (1卷) 【後秦 鳩摩羅什譯】
    《佛說彌勒下生成佛經》 (1卷) 【唐 義淨譯】
    《佛說彌勒大成佛經》 (1卷) 【姚秦 鳩摩羅什譯】
    《佛說彌勒來時經》 (1卷) 【失譯】
【維摩詰經】

    《維摩詰所說經》 (3卷) 【姚秦 鳩摩羅什譯】
【四十二章經】

    《四十二章經》 (1卷) 【後漢 迦葉摩騰共法蘭譯】
【楞嚴經】

    《大佛頂如來密因修證了義諸菩薩萬行首楞嚴經》 (10卷) 【唐 般剌蜜帝譯】
【密教經典】

    《大日經》《大毘盧遮那成佛神變加持經》 (7卷) 【唐 善無畏．一行譯】
    《金剛頂經》《金剛頂一切如來真實攝大乘現證大教王經》 (3卷) 【唐 不空譯】
【律典】

    《摩訶僧祇律》 (40卷) 【東晉 佛陀跋陀羅共法顯譯】
    《四分律》 (60卷) 【姚秦 佛陀耶舍共竺佛念等譯】
    《十誦律》 (61卷) 【後秦 弗若多羅共羅什譯】
【論典】

    《阿毘達磨大毘婆沙論》 (200卷) 【五百大阿羅漢等造 唐 玄奘譯】
    《阿毘達磨俱舍論》 (30卷) 【尊者世親造 唐 玄奘譯】
【中觀經典】

    《大智度論》 (100卷) 【龍樹菩薩造 後秦 鳩摩羅什譯】
    《中論》 (4卷) 【龍樹菩薩造 梵志青目釋 姚秦 鳩摩羅什譯】
    《十二門論》 (1卷) 【龍樹菩薩造 姚秦 鳩摩羅什譯】
【唯識經典】
    T16n0676 《解深密經》 (5卷) 【唐 玄奘譯】
    T16n0670 《楞伽阿跋多羅寶經》 (4卷) 【劉宋 求那跋陀羅譯】
    T16n0671 《入楞伽經》 (10卷) 【元魏 菩提流支譯】
    T16n0672 《大乘入楞伽經》 (7卷) 【唐 實叉難陀譯】
    T16n0681 《大乘密嚴經》 (3卷) 【唐 地婆訶羅譯】
    T16n0682 《大乘密嚴經》 (3卷) 【唐 不空譯】
    T30n1579 《瑜伽師地論》 (100卷) 【彌勒菩薩說 唐 玄奘譯】
    T31n1585 《成唯識論》 (10卷) 【護法等菩薩造 唐 玄奘譯】
    T31n1590 《唯識二十論》 (1卷) 【世親菩薩造 唐 玄奘譯】
    T31n1592 《攝大乘論》 (2卷) 【阿僧伽作 後魏 佛陀扇多譯】
    T31n1593 《攝大乘論》 (3卷) 【無著菩薩造 陳 真諦譯】
    T31n1594 《攝大乘論本》 (3卷) 【無著菩薩造 唐 玄奘譯】
【修福德】
    T17n0829 大乘離文字普光明藏經 大唐 天竺三藏地婆訶羅 譯
    T20n1163 佛說雨寶陀羅尼經 唐三藏沙門大廣智不空奉　詔譯
    X02n0202 佛說大如意寶珠輪牛王守護神呪經 阿謨伽三藏奉詔譯
    X02n0201 五大牛玉雨寶陀羅尼儀軌 縛日羅枳惹曩譯
【禪宗經典】

    《南宗頓教最上大乘摩訶般若波羅蜜經六祖惠能大師於韶州大梵寺施法壇經》 (1卷) 【唐 法海集】
    《六祖大師法寶壇經》 (1卷) 【元 宗寶編】
    《信心銘》 (1卷) 【隋 僧璨作】
    《最上乘論》 (1卷) 【唐 弘忍述】
    《永嘉證道歌》 (1卷) 【唐 玄覺撰】
【禮懺】

    《梁皇寶懺》《慈悲道場懺法》 (10卷) 【梁 諸大法師集撰】
    《水懺》《慈悲水懺法》 (3卷) 【】
