壹、经藏(218部)
	一、事缘经(51部)
		（一）本行部类（佛传）(5部)
			T14n0496 佛說大迦葉本經(1 卷)〖西晉竺法護譯〗(4 紙半欠)
			T14n0512 佛說淨飯王般涅槃經(1 卷)〖劉宋沮渠京聲譯〗(6 紙半餘)
			T12n0392 佛滅度後棺斂葬送經(1 卷)〖失譯〗(3 紙欠)
			T12n0393 迦葉赴佛般涅槃經(1 卷)〖東晉竺曇無蘭譯〗(2 紙半)
			T12n0394 佛入涅槃密迹金剛力士哀戀經(1 卷)〖失譯〗(5 紙半)
		（二）本事部类（佛及弟子证道缘起）(6部)
			T14n0506 犍陀國王經(1 卷)〖後漢安世高譯〗(1 紙半欠)
			T14n0518 佛說旃陀越國王經(1 卷)〖劉宋沮渠京聲譯〗(2 紙半餘) 
			T14n0519 佛說摩達國王經(1 卷)〖劉宋沮渠京聲譯〗(1 紙餘) 
			T14n0522 普達王經(1 卷)〖失譯〗(3 紙餘) 
			T14n0551 佛說摩鄧女經(1 卷)〖後漢安世高譯〗(2 紙半欠)(楊選) 
			T14n0552 佛說摩登女解形中六事經(1 卷)〖失譯〗(2 紙餘) 
			T03n0176 佛說師子月佛本生經(1 卷)〖失譯〗(7 紙餘) 
		（三）因缘经（因果故事）(10部)
			T14n0497 佛說摩訶迦葉度貧母經(1 卷)〖劉宋求那跋陀羅譯〗(4 紙餘) 
			T14n0525 佛說長者子懊惱三處經(1 卷)〖後漢安世高譯〗(2 紙餘) 
			T14n0529 佛說阿鳩留經(1 卷)〖失譯〗(3 紙餘) 
			T14n0537 佛說越難經(1 卷)〖西晉聶承遠譯〗(2 紙餘) 
			T15n0596 佛說天王太子辟羅經(1 卷)〖失譯〗(1 紙半)
			T17n0797a 佛說貧窮老公經(1 卷)〖劉宋慧簡譯〗(2 紙半餘)  
			T17n0797b 佛說貧窮老公經(1 卷)〖劉宋慧簡譯〗(2 紙半欠)
			T17n0805 佛說栴檀樹經(1 卷)〖失譯〗(2 紙餘)
			T16n0703 燈指因緣經(1 卷)〖姚秦鳩摩羅什譯〗(9 紙欠) 
			T17n0744 佛說除恐災患經(1 卷)〖伏秦聖堅譯〗(16 紙餘)  
			T14n0553 佛說㮈女祇域因緣經(1 卷)〖後漢安世高譯〗(17 紙欠) 
			T14n0554 佛說奈女耆婆經(1 卷)〖後漢安世高譯〗(13 紙欠)
		（四）未曾有经（稀有事）(8部)
			T02n0149 佛說阿難同學經(1 卷)〖後漢安世高譯〗(3 紙欠) 
			T14n0511 佛說蓱沙王五願經(1 卷)〖吳支謙譯〗(6 紙半) 
			T14n0517 佛說末羅王經(1 卷)〖劉宋沮渠京聲譯〗(1 紙半欠)  
			T14n0539 盧至長者因緣經(1 卷)〖失譯〗(10 紙餘)   
			T14n0541 佛說佛大僧大經(1 卷)〖劉宋沮渠京聲譯〗(6 紙餘)   
			T15n0597 龍王兄弟經(1 卷)〖吳支謙譯〗(2 紙欠) 
			T14n0555a 五母子經(1 卷)〖吳支謙譯〗(2 紙欠)(津選)   
			T14n0555b 五母子經(1 卷)〖吳支謙譯〗(1 紙半)
			T17n0750 沙彌羅經(1 卷)〖失譯〗(1 紙半欠)勘同0555
			T14n0531 佛說長者音悅經(1 卷)〖吳支謙譯〗(5 紙欠) 
		（五）授记经(13部) 
			T03n0180 佛說過去世佛分衛經(1 卷)〖西晉竺法護譯〗(1 紙餘) 
			T14n0573 差摩婆帝授記經(1 卷)〖元魏菩提流支譯〗(4 紙欠) 
			T14n0507 佛說未生冤經(1 卷)〖吳支謙譯〗(3 紙餘) 
			T14n0508 阿闍世王問五逆經(1 卷)〖西晉法炬譯〗(4 紙半) 
			T14n0509 阿闍世王授決經(1 卷)〖西晉法炬譯〗(3 紙半欠)(津選)
			T14n0510 採花違王上佛授決號妙花經(1 卷)〖東晉竺曇無蘭譯〗(2 紙欠)勘同0509
			T14n0520 佛說薩羅國經(1 卷)〖失譯〗(3 紙餘) 
			T14n0527 佛說逝童子經(1 卷)〖西晉支法度譯〗(3 紙餘)(津選)勘同0526
			T14n0526 佛說長者子制經(1 卷)〖後漢安世高譯〗(3 紙半欠)
			T14n0528 佛說菩薩逝經(1 卷)〖西晉白法祖譯〗(3 紙半)勘同0526
			T14n0546 佛說金耀童子經(1 卷)〖宋天息災譯〗(7 紙半欠) 
			T14n0556 佛說七女經(1 卷)〖吳支謙譯〗(6 紙欠) 
			T14n0557 佛說龍施女經(1 卷)〖吳支謙譯〗(2 紙欠)(津選) 
			T14n0558 佛說龍施菩薩本起經(1 卷)〖西晉竺法護譯〗(4 紙半餘)勘同0557
			T14n0569 佛說心明經(1 卷)〖西晉竺法護譯〗(3 紙欠) 
			T14n0572 佛說長者法志妻經(1 卷)〖失譯〗(3 紙) 
			T17n0809 佛說乳光佛經(1 卷)〖西晉竺法護譯〗(6 紙欠)(津選) 
			T17n0808 佛說犢子經(1 卷)〖吳支謙譯〗(1 紙半欠)勘同809
		（六）本生部类(9部) 
			T03n0163 佛說妙色王因緣經(1 卷)〖唐義淨譯〗(3 紙) 
			T03n0164 佛說師子素駄娑王斷肉經(1 卷)〖唐智嚴譯〗(3 紙餘) 
			T03n0166 佛說月光菩薩經(1 卷)〖宋法賢譯〗(5 紙餘) 
			T03n0169 佛說月明菩薩經(1 卷)〖吳支謙譯〗(3 紙欠) 
			T03n0172 佛說菩薩投身飴餓虎起塔因緣經(1 卷)〖北涼法盛譯〗(11 紙餘) 
			T03n0178 前世三轉經(1 卷)〖西晉法炬譯〗(6 紙半餘)(津選) 
			T03n0179 銀色女經(1 卷)〖元魏佛陀扇多譯〗(6 紙)勘同0178
			T03n0182b 佛说鹿母經(1 卷)〖西晉竺法護譯〗(8 紙欠)(楊選) 
			T03n0182a 佛說鹿母經(1 卷)〖西晉竺法護譯〗(3 紙餘)
			T03n0183 一切智光明仙人慈心因緣不食肉經(1 卷)〖失譯〗(4 紙餘) 
			T14n0426 佛說千佛因緣經(1 卷)〖後秦鳩摩羅什譯〗(19 紙餘) 
	二、说法经 （167部）
		（一）佛法概要 （23部）
			（一）佛法概要（17部）
				T17n0819 佛說法常住經(1 卷)〖失譯〗（1 紙）
				T16n0714 緣起聖道經 (1卷)〖 唐 玄奘譯〗（4紙餘）
				T15n0599 佛為海龍王說法印經(1 卷)〖唐義淨譯〗（半紙餘）
				T17n0801 佛說無常經 (1卷)〖 唐 義淨譯〗（5紙餘）
				T17n0763 佛說法乘義決定經(3 卷)〖宋金總持等譯〗（19 紙欠）（楊選）
				T17n0762 佛說決定義經(1 卷)〖宋法賢譯〗（10 紙餘）勘同0763
				T17n0798 佛說進學經(1 卷)〖劉宋沮渠京聲譯〗（1 紙欠）
				T17n0770 佛說四不可得經(1 卷)〖西晉竺法護譯〗(4 紙半欠)
				T15n0631 佛說法律三昧經(1 卷)〖吳支謙譯〗(6 紙半餘)
				T17n0820 佛說演道俗業經(1 卷)〖伏秦聖堅譯〗(10 紙餘)
				T17n0782 佛說十號經(1 卷)〖宋天息災譯〗（2 紙餘）
				T16n0718 佛說分別緣生經(1 卷)〖宋法天譯〗（2 紙）
				T15n0655 佛說勝義空經 (1卷)〖 宋 施護等譯〗（1紙） 
				T08n0251 般若波羅蜜多心經(1 卷)〖唐玄奘譯〗（1 紙欠）（津選）
				T08n0250 摩訶般若波羅蜜大明咒經(1 卷)〖姚秦鳩摩羅什譯〗（1 紙欠）
				T08n0252 普遍智藏般若波羅蜜多心經(1 卷)〖唐法月重譯〗（1 紙半餘）
				T08n0253 般若波羅蜜多心經(1 卷)〖唐般若共利言等譯〗（1 紙半）
				T08n0254 般若波羅蜜多心經(1 卷)〖唐智慧輪譯〗（1 紙半）
				T08n0255 般若波羅蜜多心經(1 卷)〖唐法成譯〗（1 紙半）
				T08n0256 唐梵飜對字音般若波羅蜜多心經(1 卷)〖〗（2 紙餘）
				T08n0257 佛說聖佛母般若波羅蜜多經(1 卷)〖宋施護譯〗（1 紙半餘）
				T17n0766 佛說法身經(1 卷)〖宋法賢譯〗（4 紙欠）
				T17n0827 佛說懈怠耕者經(1 卷)〖劉宋惠簡譯〗(1 紙餘)
				T17n0772 大乘四法經（1 卷）〖唐地婆訶羅譯〗（津選）（1 紙欠）
				T17n0773 佛說菩薩修行四法經（1 卷）〖唐地婆訶羅譯〗（1 紙欠）堪同0772
				T15n0600 十善業道經(1 卷)〖唐實叉難陀譯〗（5 紙）（津選）
				T15n0601 佛為娑伽羅龍王所說大乘經(1 卷)〖宋施護譯〗（8 紙餘） 
			（二）法住经（6部）
				T12n0390 佛臨涅槃記法住經(1 卷)〖唐玄奘譯〗（4 紙欠）
				T12n0395 佛說當來變經(1 卷)〖西晉竺法護譯〗（2 紙欠）
				T12n0396 佛說法滅盡經(1 卷)〖失譯〗（2 紙餘）
				T14n0494 阿難七夢經(1 卷)〖東晉竺曇無蘭譯〗（1 紙餘）
				T17n0738 佛說分別經(1 卷)〖西晉竺法護譯〗（5 紙欠）
				T24n1481 佛說五恐怖世經(1 卷)〖宋沮渠京聲譯〗（1 紙餘）（聲聞律藏勘入）
		（二）第一时教（58部）
			一）正法念处部类（人天乘经）（35部）
				1、业道经（描述六道轮回）（5部）
					T17n0724 佛說罪業應報教化地獄經(1 卷)〖後漢安世高譯〗（5 紙半餘）
					T17n0741 五苦章句經(1 卷)〖東晉竺曇無蘭譯〗（15 紙欠）
					T17n0745 佛說雜藏經(1 卷)〖東晉法顯譯〗（9 紙欠）（津選）
					T17n0746 餓鬼報應經(1 卷)〖失譯〗(六紙欠)（6 紙欠）勘同0745
					T17n0734 佛說鬼問目連經(1 卷)〖後漢安世高譯〗（3 紙）勘同0745
					T17n0747b 佛說輪轉五道罪福報應經(1 卷)〖劉宋求那跋陀羅譯〗 （4 紙餘）（楊選）
					T17n0747a 佛說罪福報應經(1 卷)〖劉宋求那跋陀羅譯〗（3 紙餘）
					T17n0759 佛說較量壽命經(1 卷)〖宋天息災譯〗（10 紙欠）
				2、人道正法经（为人处事的正确方法（7部）
					T16n0684 佛說父母恩難報經(1 卷)〖後漢安世高譯〗（1 紙欠）
					T16n0687 佛說孝子經(1 卷)〖失譯〗（2 紙餘）
					T01n0017 佛說善生子經(1 卷)〖宋支法度譯〗（8 紙餘）勘同0016
					T01n0016 佛說尸迦羅越六方禮經(1 卷)〖後漢安世高譯〗 （5 紙欠）勘出中33 善生經
					T02n0150B 佛說九橫經(1 卷)〖後漢安世高譯〗（1 紙餘）
					T14n0524 佛為優填王說王法政論經(1 卷)〖唐不空譯〗（8 紙欠）
					T14n0544 辯意長者子經(1 卷)〖後魏法場譯〗（9 紙半）
					T17n0742 佛說自愛經(1 卷)〖東晉竺曇無蘭譯〗（4 紙半欠）
				3、布施福报经（6部）
					T15n0592 天請問經(1 卷)〖唐玄奘譯〗（2 紙欠）
					T16n0705 佛說布施經(1 卷)〖宋法賢譯〗（2 紙餘）
					T17n0740 佛說頞多和多耆經(1 卷)〖失譯〗（1 紙餘）
					T16n0701 佛說溫室洗浴眾僧經(1 卷)〖後漢安世高譯〗(3 紙半欠)
					T16n0683 佛說諸德福田經(1 卷)〖西晉法立法炬共譯〗（5 紙半餘）
					T14n0493 佛說阿難四事經(1 卷)〖吳支謙譯〗（3 紙餘）
				4、法会福德经（5部）
					T17n0777 佛說賢者五福德經(1 卷)〖西晉白法祖譯〗（1 紙欠）
					T17n00733 佛說堅意經(1 卷)〖後漢安世高譯〗（1 紙半欠）
					T16n0685 佛說盂蘭盆經(1 卷)〖西晉竺法護譯〗（2 紙欠）（津選）
					T16n0686 佛說報恩奉盆經(1 卷)〖失譯〗（1 紙欠）
					T12n0391 般泥洹後灌臘經(1 卷)〖西晉竺法護譯〗（1 紙）
					T17n0748 佛說護淨經(1 卷)〖失譯〗（2 紙餘）
				5、斋戒福德经（12部）
					T15n0595 佛說嗟韈曩法天子受三歸依獲免惡道經(1 卷)〖宋法天譯〗（3 紙餘）
					T14n0542 佛說耶祇經(1 卷)〖劉宋沮渠京聲譯〗（2 紙欠）
					T24n1477 佛說戒消災經(1 卷)〖吳支謙譯〗（3 紙半餘）
					T17n0826 弟子死復生經(1 卷)〖劉宋沮渠京聲譯〗（5 紙半）
					T17n0791 佛說出家緣經(1 卷)〖後漢安世高譯〗（1 紙半餘）
					T14n0581 佛說八師經(1 卷)〖吳支謙譯〗（4 紙欠）
					T14n0584 長爪梵志請問經(1 卷)〖唐義淨譯〗（2 紙半欠）
					T16n0707 佛說出家功德經(1 卷)〖失譯〗（5 紙欠）
					T14n0492b 阿難問事佛吉凶經(1 卷)〖後漢安世高譯〗（6 紙餘）（津選）
					T14n0492a 佛說阿難問事佛吉凶經(1 卷)〖後漢安世高譯〗（5 紙欠）
					T17n0739 佛說慢法經(1 卷)〖西晉法炬譯〗（1 紙餘）
					T14n0495 佛說阿難分別經(1 卷)〖伏秦法堅譯〗（5 紙餘）
					T14n0538 佛說呵雕阿那鋡經(1 卷)〖東晉竺曇無蘭譯〗（1 紙半餘）
					T17n0767 佛說三品弟子經(1 卷)〖吳支謙譯〗（2 紙餘）
					T15n0590 佛說四天王經(1 卷)〖劉宋智嚴共寶雲譯〗（2 紙餘）
			二）阿含部类（小乘经)（23部）
				1、勘入阿含部（18部）
					T14n0499 佛為阿支羅迦葉自化作苦經(1 卷)〖失譯〗（2 紙欠）
					T12n0389 佛垂般涅槃略說教誡經(1 卷)〖姚秦鳩摩羅什譯〗（5 紙餘）
					T01n0097 廣義法門經(1 卷)〖陳真諦譯〗（8 紙餘）
					T01n0098 佛說普法義經(1 卷)〖後漢安世高譯〗（8 紙欠）勘同0097
					T02n0151 佛說阿含正行經(1 卷)〖後漢安世高譯〗（3 紙餘）
					T17n0743 佛說忠心經(1 卷)〖東晉竺曇無蘭譯〗（5 紙）
					T14n0500 羅云忍辱經(1 卷)〖西晉法炬譯〗（3 紙餘） 
					T14n0503 比丘避女惡名欲自殺經(1 卷)〖西晉法炬譯〗（1 紙）
					T14n0504 比丘聽施經(1 卷)〖東晉竺曇無蘭譯〗（2 紙半餘）
					T14n0523 佛說五王經(1 卷)〖失譯〗（4 紙半）
					T14n0582 佛說孫多耶致經(1 卷)〖吳支謙譯〗（2 紙）
					T17n0751a 佛說五無反復經(1 卷)〖劉宋沮渠京聲譯〗（2 紙餘）（津選）
					T17n0751b 佛說五無返復經(1 卷)〖劉宋沮渠京聲譯〗（2 紙餘）
					T17n0752 佛說五無返復經(1 卷)〖劉宋沮渠京聲譯〗（2 紙）
					T17n0737 所欲致患經(1 卷)〖西晉竺法護譯〗（5 紙餘）
					T17n0799 佛說略教誡經(1 卷)〖唐義淨譯〗（1 紙餘）
					T17n0753 十二品生死經(1 卷)〖劉宋求那跋陀羅譯〗（1 紙欠）
					T17n0792 佛說法受塵經(1 卷)〖後漢安世高譯〗（1 紙欠）
					T17n0735 佛說四願經(1 卷)〖吳支謙譯〗(4 紙半欠)
					T17n0736 佛說四自侵經(1 卷)〖西晉竺法護譯〗（4 紙餘）
					T04n0217 佛說譬喻經(1 卷)〖唐義淨譯〗（1 紙餘）
					T04n0218 佛說灌頂王喻經(1 卷)〖宋施護等譯〗（1 紙）
				2、说戒律经（5部）
					T04n0214 佛說猘狗經(1 卷)〖吳支謙譯〗（1 紙半餘）
					T04n0215 佛說群牛譬經(1 卷)〖西晉法炬譯〗（1 紙半欠）
					T04n0216 佛說大魚事經〖東晉竺曇無蘭譯〗（1 紙半欠）
					T14n0521 佛說梵摩難國王經(1 卷)〖失譯〗（1 紙餘）
					T24n1497 佛說大乘戒經（1 卷）〖宋施護譯〗（1 紙）
