01 大乘般若部
	0 大清三藏圣教目录
	T05n0220 1 1~14 大般若波罗蜜多经
	T06n0220 1 1~14 大般若波罗蜜多经
	T07n0220 1 1~14 大般若波罗蜜多经
	2 14 放光般若波罗蜜经
	3 15 摩诃般若波罗蜜经
	4 15 光赞般若波罗蜜经
	5 15 道行般若波罗蜜经
	6 16 小品般若波罗蜜经
	7 16 摩诃般若波罗蜜钞经
	8 16 大明度无极经
	9 16 胜天王般若波罗蜜经
	10 16 金刚般若波罗蜜经
	11 16 能断金刚般若波罗蜜经
	12 16 金刚能断般若波罗蜜经
	13 16 佛说濡首菩萨无上清净分卫经
	14 16 仁王护国般若波罗蜜经
	15 16 实相般若波罗蜜经
	16 16 摩诃般若波罗蜜大明咒经
	17 16 般若波罗蜜多心经
	18 16 文殊师利所说摩诃般若波罗蜜经
	19 16 文殊师利所说般若波罗蜜经
02 大乘宝积部
03 大乘大集部
04 大乘华严部
05 大乘涅槃部
06 大乘五大部外重译经
07 大乘单译经
08 小乘阿含部
09 小乘单译经
10 宋元入藏诸大小乘经
11 大乘律
12 小乘律
13 大乘论
14 小乘论
15 宋元续入藏诸论
16 西土圣贤撰集
17 此土著述
