sūtrapiṭaka
	avadāna
		1 Kaṭhināvadāna
		2 Mahāsattvamaṇicūḍamahārājabodhisattvāvadānam
		3 Svayambhū purāṇa
		4 Vṛhat svayambhūpūrāṇa
	dhāraṇī
		1 Ārya amoghapāśahṛdaya nāma mahāyānasūtram
		2 Āryamahāpratisarāvidyādhāraṇī
		3 Āryaśrīmahādevīvyākaraṇam
		4 Āryavajravidāraṇā nāma dhāraṇī
		5 Avikalpapraveśadhāraṇī
		6 Dhvajāgrakeyurā dhāraṇī
		7 Ekādaśamukham
		8 Hayagrīvavidyā
		9 Mahāsannipātaratnaketudhāraṇī sūtraṃ
		10 Nārāyaṇaparipṛcchā āryamahāmāyāvijayavāhinī nāma dhāraṇī
		11 Ṣaṇmukhī dhāraṇī
		12 Sitātapatrā dhāraṇī
		13 Vasudhārādhāraṇī
		14 Dhāraṇī Saṃgraha
	jātaka
		1 Jātakamālā
	mahāyānasūtra
		1  Ajitasenavyākaraṇam
		2  Aparimitāyuḥ nāma mahāyāna sūtram
		3  Arthaviniścayasūtram
		4 Ārya ṃaitreya-vyākaraṇaṃ
		5 Āryānityatā sūtram
		6 Āryapratītyasamutpādo nāma mahāyānasūtram
		7 Āryarāṣṭrapālaparipṛcchā nāma mahāyānasūtram
		8 Āryasāgaranāgarājaparipṛcchā nāma mahāyānasūtram
		9 Āryasaṃghāṭa sūtram
		10 Āryasarvabuddhaviṣayāvatārajñānālokālaṃkāranāma mahāyānasūtram
		11 Āryatriratnānusmṛtisūtram
		12 Āryatriskandha sūtram
		13 Āryavimalakīrtinirdeśo nāma mahāyānasūtram
		14 Bhaiṣajyaguruvaidūryaprabharājasūtram
		15 Bhavasaṅkrāntisūtram
		16 catuṣpariṣat sūtram
		17 Daśabhūmikasūtram
		18 Gaṇḍavyūha sūtram
		19 Guṇakāraṇḍavyūha sūtram
		20 Kāraṇḍavyūhaḥ
		21 Karuṇāpuṇḍarīka sūtram
		22 Kāśyapaparivarta sūtram
		23 Lalitavistaraḥ
		24 Madhyamaka-śālistambasūtram
		25 Mahāmegha sūtram
		26 Mahāparinirvāṇa sūtram
		27 Mahāvadānasūtram
		28 Megha sūtram
		29 Nairātmyaparipṛcchā nāma mahāyānasūtram
		30 Pañcarakṣā sūtram
		31 Saddharmalaṅkāvatārasūtram
		32 Saddharmapuṇḍarīkasūtram
		33 Śālistambasūtram
		34 Samādhirājasūtram
		35 Sarvatathāgatādhiṣṭhānavyūham sūtram
		36 Sukhāvatīvyūhaḥ (saṃkṣiptamātṛkā)
		37 Sukhāvatīvyūhaḥ (vistaramātṛkā)
		38 Suvarṇaprabhāsasūtram
		39 Vimalakīrtinirdeśa sūtram
		40 Vinayaviniścaya upāliparipṛcchā
		41 Saddharmasmṛtyupasthānasūtra
		42 Vajrasattvaniṣpādana Sūtra
	nirdeśa
		1 Āryābuddhabalādhānaprātihāryavikurvaṇanirdeśanā mamahāyānasūtram
		2 Āryacaturdharmanirdeśasūtram
		3 Pratītyasamutpādādivibhaṅganirdeśasūtram
		4 Svastyayanagāthā
	prajñāpāramitā
		1  Adhyardhaśatikā prajñāpāramitā
		2 Ārya advayaśatikā prajñāpāramitā sūtra
		3  Aṣṭasāhasrikā prajñāpāramitā
		4  Kauśikaprajñāpāramitāsūtram
		5  Prajñāpāramitāhṛdayasūtram [saṃkṣiptamātṛkā]
		6  Prajñāpāramitāhṛdayasutram [vistaramātṛkā]
		7  Ratnaguṇasaṃcayagāthā
		8  Saptaśatikā prajñāpāramitā
		9  Suvikrāntavikrāmiparipṛcchā nāma sārdhadvisāhasrikā prajñāpāramitā
		10 Svalpākṣarā prajñāpāramitā
		11 Vajracchedikā nāma triśatikā prajñāpāramitā
		12 Pañcaśatikā prajñāpāramitā
		13 Adhyardhaśatikā prajñāpāramitā
		14 Adhyardhaśatikā prajñāpāramitā (New edition)
	pramāṇa
		1 Nyāyapraveśakasūtram
	tantra
		kriyā tantra
			1 Āryamañjuśrīmūlakalpam
			2 Amoghapāśakalparāja Part VI
			3 Amoghapāśakalparāja Part VII
		sahajayāna
			1 Nānāsiddhopadeśaḥ
		yoginītantra
			1 Cakrasaṃvaratantram [Vol.1]
			2 Cakrasaṃvaratantram [Vol.2]
			3 Buddhakapālatantra
			4 Ḍākārṇavaḥ
		tantra darśana
			1 Advayavajrasaṇgrahaḥ
			2 Niṣpannayogāvalī
		yoga tantra
			1 Sarva tathāgata tattva saṅgrahaḥ
			2 Sarvadurgatipariśodhana tantra
		yogottara tantra
			1 Advayasiddhiḥ
			2 Srivajrabhairava mahayogatantram
			3 Caṇḍamahāroṣaṇa tantra
		anuttarayoga Tantra
			1 Śrīguhyasamājatantram
		kriyātantraṭīkā
			1 kalpoktamārīcīsādhanam
		mahāyogatantraṭīkā
	yogācāra
vinayapiṭaka
	1  Bhikṣukarmavākya
	2  Bhikṣuṇī vinaya
	3  Bodhisattva-prātimokṣa-sūtram
	4  Mahāsāṃghikānāṃ prātimokṣasūtram
	5  Mūlasarvāstivāda-vinayavastu
	6  Prātimokṣasūtram
	7  Vinaya sūtram
	8 Śayanāsanavastu
	9  Adhikaraṇavastu
	10 Vajrasatva-pārājikā
	11 Saddharma-pārājikā
	12 Śrīlokeśvarabhāṣitaparājikā
	13 Maṃjuśrīpārājikā
	14 Lokeśvara-pārājikā
	15 Upasampadā jñaptiḥ
śāstrapiṭaka
	abhidharma
	advayatantraṭīkā
	alaṃkāra
	cikitsavidyā
	stotra
		ādibuddha
		paṇḍita
		ākāśagarbha
		āryatārā
		aṣṭamahābodhisattva
		aṣṭamātṛkā
		avalokiteśvara
		bhagavatī
		bodhisattvacaryā
		caityabhaṭṭāraka
		cakrasaṁvara
		dharmadhātu
		gaṇḍībhaṭṭāraka
		gaṇeśa
		hārītī
		madhyamaka
		mahācakravartin
		mahākāla
		mañjuśrī
		nairātmā
		pañcabuddha
		pañcarakṣādevī
		prajñāpāramitā
		śākyamuni
		saptabuddha
		sarvatathāgata
		svayambhū
		triratna
		ugratārā
		vāgīśvara
		vajrapāṇi
		vajrāsana
		vajrasattva
		vajrayoginī
		vasudhārā
		Bhagavatstutiḥ
	darśana
	kāvya
	kośa
	lekha
	madhyamaka
	madhyamaka-yogācāra
	nāṭaka
	nīti
	prajñāpāramitā
	pramāṇa
	sautrāntika
	śilpaśāstra
	vinaya
	vividha
	yogācāra
	yoginītantraṭīkā
	yogottaratantraṭīkā
	mahāyogatantraṭīkā
	hetuvidyā
	sveṣṭadevatā
	vyākaraṇa
	adhunātana
	jyotiḥśāstra
